<?xml version="1.0" encoding="UTF-8"?>
<!-- Generated by org.testng.reporters.JUnitXMLReporter -->
<testsuite hostname="LAPTOP-2P2P5LU3" ignored="0" name="Test" tests="2" failures="2" timestamp="04 Jun 2020 01:25:15 GMT" time="1.408" errors="0">
  <testcase name="login" time="1.107" classname="com.wbl.Test.GitHubTest">
    <failure type="java.lang.Error" message="Unresolved compilation problem: 
	Unreachable catch block for ParseException. This exception is never thrown from the try statement body
">
      <![CDATA[java.lang.Error: Unresolved compilation problem: 
Unreachable catch block for ParseException. This exception is never thrown from the try statement body

at com.util.ResourceUtil.retrieveResource(ResourceUtil.java:22)
at com.util.RestUtil.getRequest(RestUtil.java:56)
at com.wbl.Test.GitHubTest.login(GitHubTest.java:34)
... Removed 25 stack frames]]>
    </failure>
  </testcase> <!-- login -->
  <testcase name="statusCode" time="0.27" classname="com.wbl.Test.GitHubTest">
    <failure type="java.lang.Error" message="Unresolved compilation problem: 
	Unreachable catch block for ParseException. This exception is never thrown from the try statement body
">
      <![CDATA[java.lang.Error: Unresolved compilation problem: 
Unreachable catch block for ParseException. This exception is never thrown from the try statement body

at com.util.ResourceUtil.retrieveResource(ResourceUtil.java:22)
at com.util.RestUtil.getRequest(RestUtil.java:56)
at com.wbl.Test.GitHubTest.statusCode(GitHubTest.java:23)
... Removed 25 stack frames]]>
    </failure>
  </testcase> <!-- statusCode -->
</testsuite> <!-- Test -->
